<?xml version="1.0" encoding="UTF-8"?>
<testsuite name="it.unicam.cs.pa.jlife102627.Model.BoardTest" tests="2" skipped="0" failures="0" errors="0" timestamp="2020-09-22T16:23:03" hostname="oldiron" time="0.004">
  <properties/>
  <testcase name="generateRandomBoard" classname="it.unicam.cs.pa.jlife102627.Model.BoardTest" time="0.002"/>
  <testcase name="getNeighbors" classname="it.unicam.cs.pa.jlife102627.Model.BoardTest" time="0.001"/>
  <system-out><![CDATA[]]></system-out>
  <system-err><![CDATA[]]></system-err>
</testsuite>
